2018-05-30 14:39:27.328 all 6732 --- [main] com.server.SpringServerApplication       : No active profile set, falling back to default profiles: default
2018-05-30 14:39:27.344 all 6732 --- [main] ConfigServletWebServerApplicationContext : Refreshing org.springframework.boot.web.servlet.context.AnnotationConfigServletWebServerApplicationContext@7c51f34b: startup date [Wed May 30 14:39:27 CST 2018]; parent: org.springframework.context.annotation.AnnotationConfigApplicationContext@4efbca5a
2018-05-30 14:39:28.370 all 6732 --- [main] o.s.cloud.context.scope.GenericScope     : BeanFactory id=fbd255d6-1033-37ef-819d-630f15181dc7
2018-05-30 14:39:28.394 all 6732 --- [main] f.a.AutowiredAnnotationBeanPostProcessor : JSR-330 'javax.inject.Inject' annotation found and supported for autowiring
2018-05-30 14:39:28.531 all 6732 --- [main] trationDelegate$BeanPostProcessorChecker : Bean 'org.springframework.cloud.autoconfigure.ConfigurationPropertiesRebinderAutoConfiguration' of type [org.springframework.cloud.autoconfigure.ConfigurationPropertiesRebinderAutoConfiguration$$EnhancerBySpringCGLIB$$637511c4] is not eligible for getting processed by all BeanPostProcessors (for example: not eligible for auto-proxying)
2018-05-30 14:39:28.982 all 6732 --- [main] o.s.b.w.embedded.tomcat.TomcatWebServer  : Tomcat initialized with port(s): 7000 (http)
2018-05-30 14:39:29.023 all 6732 --- [main] o.apache.catalina.core.StandardService   : Starting service [Tomcat]
2018-05-30 14:39:29.024 all 6732 --- [main] org.apache.catalina.core.StandardEngine  : Starting Servlet Engine: Apache Tomcat/8.5.31
2018-05-30 14:39:29.032 all 6732 --- [localhost-startStop-1] o.a.catalina.core.AprLifecycleListener   : The APR based Apache Tomcat Native library which allows optimal performance in production environments was not found on the java.library.path: [D:\softwareDevoloper\java\jdk1.8.0_131\bin;C:\WINDOWS\Sun\Java\bin;C:\WINDOWS\system32;C:\WINDOWS;D:/softwareDevoloper/java/jdk1.8.0_131/bin/../jre/bin/server;D:/softwareDevoloper/java/jdk1.8.0_131/bin/../jre/bin;D:/softwareDevoloper/java/jdk1.8.0_131/bin/../jre/lib/amd64;D:\softwareDevoloper\java\jdk1.8\jdk1.8.0_131\bin;D:\softwareDevoloper\apache-maven-3.5.0\bin;D:\softwareDevoloper\spring-roo-2.0.0.RC2\bin;E:\p4workyx\nodejs\;D:\JIQUN\nginx\redis64-3.0.501;D:\softwareDevoloper\gradle-4.0.2\bin;C:\ProgramData\Oracle\Java\javapath;C:\Windows\system32;C:\Windows;C:\Windows\System32\Wbem;C:\Windows\System32\WindowsPowerShell\v1.0;D:\Program Files (x86)\Microsoft SQL Server\110\DTS\Binn\;D:\Program Files (x86)\Microsoft SQL Server\110\Tools\Binn\;D:\Program Files (x86)\Microsoft SQL Server\110\Tools\Binn\ManagementStudio\;C:\Program Files (x86)\Microsoft Visual Studio 10.0\Common7\IDE\PrivateAssemblies\;C:\Program Files (x86)\NVIDIA Corporation\PhysX\Common;C:\WINDOWS\system32;C:\WINDOWS;C:\WINDOWS\System32\Wbem;C:\WINDOWS\System32\WindowsPowerShell\v1.0\;D:\Program Files (x86)\Perforce;E:\p4workyx\nodejs\;D:\Program Files\Microsoft SQL Server\110\Tools\Binn\;D:\Program Files\Microsoft SQL Server\110\DTS\Binn\;C:\Users\Administrator\AppData\Roaming\npm;D:\softwareDevoloper\spring-tool-suite\sts-3.8.4.RELEASE;;.]
2018-05-30 14:39:29.214 all 6732 --- [localhost-startStop-1] o.a.c.c.C.[Tomcat].[localhost].[/]       : Initializing Spring embedded WebApplicationContext
2018-05-30 14:39:29.214 all 6732 --- [localhost-startStop-1] o.s.web.context.ContextLoader            : Root WebApplicationContext: initialization completed in 1871 ms
2018-05-30 14:39:30.836 all 6732 --- [localhost-startStop-1] o.s.b.w.servlet.FilterRegistrationBean   : Mapping filter: 'characterEncodingFilter' to: [/*]
2018-05-30 14:39:30.836 all 6732 --- [localhost-startStop-1] o.s.b.w.servlet.FilterRegistrationBean   : Mapping filter: 'hiddenHttpMethodFilter' to: [/*]
2018-05-30 14:39:30.837 all 6732 --- [localhost-startStop-1] o.s.b.w.servlet.FilterRegistrationBean   : Mapping filter: 'httpPutFormContentFilter' to: [/*]
2018-05-30 14:39:30.837 all 6732 --- [localhost-startStop-1] o.s.b.w.servlet.FilterRegistrationBean   : Mapping filter: 'requestContextFilter' to: [/*]
2018-05-30 14:39:30.838 all 6732 --- [localhost-startStop-1] o.s.b.w.servlet.FilterRegistrationBean   : Mapping filter: 'httpTraceFilter' to: [/*]
2018-05-30 14:39:30.838 all 6732 --- [localhost-startStop-1] o.s.b.w.servlet.FilterRegistrationBean   : Mapping filter: 'webMvcMetricsFilter' to: [/*]
2018-05-30 14:39:30.838 all 6732 --- [localhost-startStop-1] o.s.b.w.servlet.FilterRegistrationBean   : Mapping filter: 'servletContainer' to urls: [/eureka/*]
2018-05-30 14:39:30.838 all 6732 --- [localhost-startStop-1] o.s.b.w.servlet.ServletRegistrationBean  : Servlet dispatcherServlet mapped to [/]
2018-05-30 14:39:31.074 all 6732 --- [localhost-startStop-1] c.s.j.s.i.a.WebApplicationImpl           : Initiating Jersey application, version 'Jersey: 1.19.1 03/11/2016 02:08 PM'
2018-05-30 14:39:31.166 all 6732 --- [localhost-startStop-1] c.n.d.provider.DiscoveryJerseyProvider   : Using JSON encoding codec LegacyJacksonJson
2018-05-30 14:39:31.168 all 6732 --- [localhost-startStop-1] c.n.d.provider.DiscoveryJerseyProvider   : Using JSON decoding codec LegacyJacksonJson
2018-05-30 14:39:31.308 all 6732 --- [localhost-startStop-1] c.n.d.provider.DiscoveryJerseyProvider   : Using XML encoding codec XStreamXml
2018-05-30 14:39:31.309 all 6732 --- [localhost-startStop-1] c.n.d.provider.DiscoveryJerseyProvider   : Using XML decoding codec XStreamXml
2018-05-30 14:39:31.690 all 6732 --- [main] c.n.c.sources.URLConfigurationSource     : No URLs will be polled as dynamic configuration sources.
2018-05-30 14:39:31.690 all 6732 --- [main] c.n.c.sources.URLConfigurationSource     : To enable URLs as dynamic configuration sources, define System property archaius.configurationSource.additionalUrls or make config.properties available on classpath.
2018-05-30 14:39:31.695 all 6732 --- [main] c.n.c.sources.URLConfigurationSource     : No URLs will be polled as dynamic configuration sources.
2018-05-30 14:39:31.695 all 6732 --- [main] c.n.c.sources.URLConfigurationSource     : To enable URLs as dynamic configuration sources, define System property archaius.configurationSource.additionalUrls or make config.properties available on classpath.
2018-05-30 14:39:31.781 all 6732 --- [main] o.s.w.s.handler.SimpleUrlHandlerMapping  : Mapped URL path [/**/favicon.ico] onto handler of type [class org.springframework.web.servlet.resource.ResourceHttpRequestHandler]
2018-05-30 14:39:32.004 all 6732 --- [main] s.w.s.m.m.a.RequestMappingHandlerAdapter : Looking for @ControllerAdvice: org.springframework.boot.web.servlet.context.AnnotationConfigServletWebServerApplicationContext@7c51f34b: startup date [Wed May 30 14:39:27 CST 2018]; parent: org.springframework.context.annotation.AnnotationConfigApplicationContext@4efbca5a
2018-05-30 14:39:32.066 all 6732 --- [main] s.w.s.m.m.a.RequestMappingHandlerMapping : Mapped "{[/error]}" onto public org.springframework.http.ResponseEntity<java.util.Map<java.lang.String, java.lang.Object>> org.springframework.boot.autoconfigure.web.servlet.error.BasicErrorController.error(javax.servlet.http.HttpServletRequest)
2018-05-30 14:39:32.068 all 6732 --- [main] s.w.s.m.m.a.RequestMappingHandlerMapping : Mapped "{[/error],produces=[text/html]}" onto public org.springframework.web.servlet.ModelAndView org.springframework.boot.autoconfigure.web.servlet.error.BasicErrorController.errorHtml(javax.servlet.http.HttpServletRequest,javax.servlet.http.HttpServletResponse)
2018-05-30 14:39:32.076 all 6732 --- [main] s.w.s.m.m.a.RequestMappingHandlerMapping : Mapped "{[/],methods=[GET]}" onto public java.lang.String org.springframework.cloud.netflix.eureka.server.EurekaController.status(javax.servlet.http.HttpServletRequest,java.util.Map<java.lang.String, java.lang.Object>)
2018-05-30 14:39:32.077 all 6732 --- [main] s.w.s.m.m.a.RequestMappingHandlerMapping : Mapped "{[/lastn],methods=[GET]}" onto public java.lang.String org.springframework.cloud.netflix.eureka.server.EurekaController.lastn(javax.servlet.http.HttpServletRequest,java.util.Map<java.lang.String, java.lang.Object>)
2018-05-30 14:39:32.105 all 6732 --- [main] o.s.w.s.handler.SimpleUrlHandlerMapping  : Mapped URL path [/webjars/**] onto handler of type [class org.springframework.web.servlet.resource.ResourceHttpRequestHandler]
2018-05-30 14:39:32.105 all 6732 --- [main] o.s.w.s.handler.SimpleUrlHandlerMapping  : Mapped URL path [/**] onto handler of type [class org.springframework.web.servlet.resource.ResourceHttpRequestHandler]
2018-05-30 14:39:32.603 all 6732 --- [main] o.s.ui.freemarker.SpringTemplateLoader   : SpringTemplateLoader for FreeMarker: using resource loader [org.springframework.boot.web.servlet.context.AnnotationConfigServletWebServerApplicationContext@7c51f34b: startup date [Wed May 30 14:39:27 CST 2018]; parent: org.springframework.context.annotation.AnnotationConfigApplicationContext@4efbca5a] and template loader path [classpath:/templates/]
2018-05-30 14:39:32.605 all 6732 --- [main] o.s.w.s.v.f.FreeMarkerConfigurer         : ClassTemplateLoader for Spring macros added to FreeMarker configuration
2018-05-30 14:39:32.877 all 6732 --- [main] o.s.c.n.eureka.InstanceInfoFactory       : Setting initial instance status as: STARTING
2018-05-30 14:39:32.912 all 6732 --- [main] com.netflix.discovery.DiscoveryClient    : Initializing Eureka in region us-east-1
2018-05-30 14:39:32.913 all 6732 --- [main] com.netflix.discovery.DiscoveryClient    : Client configured to neither register nor query for data.
2018-05-30 14:39:32.920 all 6732 --- [main] com.netflix.discovery.DiscoveryClient    : Discovery Client initialized at timestamp 1527662372918 with initial instances count: 0
2018-05-30 14:39:32.963 all 6732 --- [main] c.n.eureka.DefaultEurekaServerContext    : Initializing ...
2018-05-30 14:39:32.964 all 6732 --- [main] c.n.eureka.cluster.PeerEurekaNodes       : The replica size seems to be empty. Check the route 53 DNS Registry
2018-05-30 14:39:32.987 all 6732 --- [main] c.n.e.registry.AbstractInstanceRegistry  : Finished initializing remote region registries. All known remote regions: []
2018-05-30 14:39:32.988 all 6732 --- [main] c.n.eureka.DefaultEurekaServerContext    : Initialized
2018-05-30 14:39:33.009 all 6732 --- [main] o.s.b.a.e.web.EndpointLinksResolver      : Exposing 2 endpoint(s) beneath base path '/actuator'
2018-05-30 14:39:33.024 all 6732 --- [main] s.b.a.e.w.s.WebMvcEndpointHandlerMapping : Mapped "{[/actuator/health],methods=[GET],produces=[application/vnd.spring-boot.actuator.v2+json || application/json]}" onto public java.lang.Object org.springframework.boot.actuate.endpoint.web.servlet.AbstractWebMvcEndpointHandlerMapping$OperationHandler.handle(javax.servlet.http.HttpServletRequest,java.util.Map<java.lang.String, java.lang.String>)
2018-05-30 14:39:33.024 all 6732 --- [main] s.b.a.e.w.s.WebMvcEndpointHandlerMapping : Mapped "{[/actuator/info],methods=[GET],produces=[application/vnd.spring-boot.actuator.v2+json || application/json]}" onto public java.lang.Object org.springframework.boot.actuate.endpoint.web.servlet.AbstractWebMvcEndpointHandlerMapping$OperationHandler.handle(javax.servlet.http.HttpServletRequest,java.util.Map<java.lang.String, java.lang.String>)
2018-05-30 14:39:33.025 all 6732 --- [main] s.b.a.e.w.s.WebMvcEndpointHandlerMapping : Mapped "{[/actuator],methods=[GET],produces=[application/vnd.spring-boot.actuator.v2+json || application/json]}" onto protected java.util.Map<java.lang.String, java.util.Map<java.lang.String, org.springframework.boot.actuate.endpoint.web.Link>> org.springframework.boot.actuate.endpoint.web.servlet.WebMvcEndpointHandlerMapping.links(javax.servlet.http.HttpServletRequest,javax.servlet.http.HttpServletResponse)
2018-05-30 14:39:33.083 all 6732 --- [main] o.s.j.e.a.AnnotationMBeanExporter        : Registering beans for JMX exposure on startup
2018-05-30 14:39:33.094 all 6732 --- [main] o.s.j.e.a.AnnotationMBeanExporter        : Bean with name 'environmentManager' has been autodetected for JMX exposure
2018-05-30 14:39:33.096 all 6732 --- [main] o.s.j.e.a.AnnotationMBeanExporter        : Bean with name 'configurationPropertiesRebinder' has been autodetected for JMX exposure
2018-05-30 14:39:33.097 all 6732 --- [main] o.s.j.e.a.AnnotationMBeanExporter        : Bean with name 'refreshScope' has been autodetected for JMX exposure
2018-05-30 14:39:33.101 all 6732 --- [main] o.s.j.e.a.AnnotationMBeanExporter        : Located managed bean 'environmentManager': registering with JMX server as MBean [org.springframework.cloud.context.environment:name=environmentManager,type=EnvironmentManager]
2018-05-30 14:39:33.110 all 6732 --- [main] o.s.j.e.a.AnnotationMBeanExporter        : Located managed bean 'refreshScope': registering with JMX server as MBean [org.springframework.cloud.context.scope.refresh:name=refreshScope,type=RefreshScope]
2018-05-30 14:39:33.124 all 6732 --- [main] o.s.j.e.a.AnnotationMBeanExporter        : Located managed bean 'configurationPropertiesRebinder': registering with JMX server as MBean [org.springframework.cloud.context.properties:name=configurationPropertiesRebinder,context=7c51f34b,type=ConfigurationPropertiesRebinder]
2018-05-30 14:39:33.141 all 6732 --- [main] o.s.c.support.DefaultLifecycleProcessor  : Starting beans in phase 0
2018-05-30 14:39:33.142 all 6732 --- [main] o.s.c.n.e.s.EurekaServiceRegistry        : Registering application eureka-server with eureka with status UP
2018-05-30 14:39:33.145 all 6732 --- [Thread-13] o.s.c.n.e.server.EurekaServerBootstrap   : Setting the eureka configuration..
2018-05-30 14:39:33.146 all 6732 --- [Thread-13] o.s.c.n.e.server.EurekaServerBootstrap   : Eureka data center value eureka.datacenter is not set, defaulting to default
2018-05-30 14:39:33.147 all 6732 --- [Thread-13] o.s.c.n.e.server.EurekaServerBootstrap   : Eureka environment value eureka.environment is not set, defaulting to test
2018-05-30 14:39:33.169 all 6732 --- [Thread-13] o.s.c.n.e.server.EurekaServerBootstrap   : isAws returned false
2018-05-30 14:39:33.171 all 6732 --- [Thread-13] o.s.c.n.e.server.EurekaServerBootstrap   : Initialized server context
2018-05-30 14:39:33.171 all 6732 --- [Thread-13] c.n.e.r.PeerAwareInstanceRegistryImpl    : Got 1 instances from neighboring DS node
2018-05-30 14:39:33.172 all 6732 --- [Thread-13] c.n.e.r.PeerAwareInstanceRegistryImpl    : Renew threshold is: 1
2018-05-30 14:39:33.173 all 6732 --- [Thread-13] c.n.e.r.PeerAwareInstanceRegistryImpl    : Changing status to UP
2018-05-30 14:39:33.194 all 6732 --- [Thread-13] e.s.EurekaServerInitializerConfiguration : Started Eureka Server
2018-05-30 14:39:33.217 all 6732 --- [main] o.s.b.w.embedded.tomcat.TomcatWebServer  : Tomcat started on port(s): 7000 (http) with context path ''
2018-05-30 14:39:33.218 all 6732 --- [main] .s.c.n.e.s.EurekaAutoServiceRegistration : Updating port to 7000
2018-05-30 14:39:33.222 all 6732 --- [main] com.server.SpringServerApplication       : Started SpringServerApplication in 7.367 seconds (JVM running for 8.287)
2018-05-30 14:39:45.790 all 6732 --- [RMI TCP Connection(2)-127.0.0.1] inMXBeanRegistrar$SpringApplicationAdmin : Application shutdown requested.
2018-05-30 14:39:45.791 all 6732 --- [RMI TCP Connection(2)-127.0.0.1] ConfigServletWebServerApplicationContext : Closing org.springframework.boot.web.servlet.context.AnnotationConfigServletWebServerApplicationContext@7c51f34b: startup date [Wed May 30 14:39:27 CST 2018]; parent: org.springframework.context.annotation.AnnotationConfigApplicationContext@4efbca5a
2018-05-30 14:39:45.792 all 6732 --- [RMI TCP Connection(2)-127.0.0.1] o.s.c.n.e.s.EurekaServiceRegistry        : Unregistering application eureka-server with eureka with status DOWN
2018-05-30 14:39:45.794 all 6732 --- [RMI TCP Connection(2)-127.0.0.1] o.s.c.support.DefaultLifecycleProcessor  : Stopping beans in phase 0
2018-05-30 14:39:45.796 all 6732 --- [RMI TCP Connection(2)-127.0.0.1] c.n.eureka.DefaultEurekaServerContext    : Shutting down ...
2018-05-30 14:39:45.802 all 6732 --- [RMI TCP Connection(2)-127.0.0.1] c.n.eureka.DefaultEurekaServerContext    : Shut down
2018-05-30 14:39:45.806 all 6732 --- [RMI TCP Connection(2)-127.0.0.1] o.s.j.e.a.AnnotationMBeanExporter        : Unregistering JMX-exposed beans on shutdown
2018-05-30 14:39:45.809 all 6732 --- [RMI TCP Connection(2)-127.0.0.1] o.s.j.e.a.AnnotationMBeanExporter        : Unregistering JMX-exposed beans
2018-05-30 14:39:45.812 all 6732 --- [RMI TCP Connection(2)-127.0.0.1] com.netflix.discovery.DiscoveryClient    : Shutting down DiscoveryClient ...
2018-05-30 14:39:45.812 all 6732 --- [RMI TCP Connection(2)-127.0.0.1] com.netflix.discovery.DiscoveryClient    : Completed shut down of DiscoveryClient
